command_key=postgresql_runner
command=uv run python scripts/run_postgres_tests.py
cwd=.
started_at=2026-07-19T13:51:42.328534+00:00
duration_seconds=75.06
exit_code=0
stdout:
+ C:\Program Files\PostgreSQL\18\bin\initdb.exe --auth=trust --encoding=UTF8 --username=bi_system -D C:\Dev\bi-system\.tmp\postgres-m0
The files belonging to this database system will be owned by user "Garry".
This user must also own the server process.

The database cluster will be initialized with locale "Chinese (Simplified)_China.936".
The default text search configuration will be set to "simple".

Data page checksums are enabled.

creating directory C:/Dev/bi-system/.tmp/postgres-m0 ... ok
creating subdirectories ... ok
selecting dynamic shared memory implementation ... windows
selecting default "max_connections" ... 100
selecting default "shared_buffers" ... 128MB
selecting default time zone ... Asia/Shanghai
creating configuration files ... ok
running bootstrap script ... ok
performing post-bootstrap initialization ... ok
syncing data to disk ... ok

Success. You can now start the database server using:

    ^"C^:^\Program^ Files^\PostgreSQL^\18^\bin^\pg^_ctl^" -D ^"C^:^\Dev^\bi^-system^\^.tmp^\postgres^-m0^" -l logfile start

+ C:\Program Files\PostgreSQL\18\bin\pg_ctl.exe -D C:\Dev\bi-system\.tmp\postgres-m0 -l C:\Dev\bi-system\.tmp\postgres-m0.log -o -h 127.0.0.1 -p 55432 -w start
waiting for server to start.... done
server started
+ C:\Program Files\PostgreSQL\18\bin\createdb.exe --host=127.0.0.1 --port=55432 --username=bi_system bi_system_test
+ uv run alembic -c backend/alembic.ini upgrade head
+ uv run pytest backend/tests/integration -q
........................................................................ [ 84%]
.............                                                            [100%]
============================== warnings summary ===============================
.venv\Lib\site-packages\fastapi\testclient.py:1
  C:\Dev\bi-system\.venv\Lib\site-packages\fastapi\testclient.py:1: StarletteDeprecationWarning: Using `httpx` with `starlette.testclient` is deprecated; install `httpx2` instead.
    from starlette.testclient import TestClient as TestClient  # noqa

-- Docs: https://docs.pytest.org/en/stable/how-to/capture-warnings.html
85 passed, 1 warning in 62.98s (0:01:02)
+ uv run alembic -c backend/alembic.ini downgrade base
+ uv run alembic -c backend/alembic.ini upgrade head
waiting for server to shut down..... done
server stopped
stderr:
initdb: could not find suitable text search configuration for locale "Chinese (Simplified)_China.936"
INFO  [alembic.runtime.migration] Context impl PostgresqlImpl.
INFO  [alembic.runtime.migration] Will assume transactional DDL.
INFO  [alembic.runtime.migration] Running upgrade  -> 0001_baseline, baseline
INFO  [alembic.runtime.migration] Running upgrade 0001_baseline -> 0002_ingestion_foundation, ingestion foundation
INFO  [alembic.runtime.migration] Running upgrade 0002_ingestion_foundation -> 0003_modeling_foundation, modeling foundation
INFO  [alembic.runtime.migration] Running upgrade 0003_modeling_foundation -> 0004_identity_sessions, identity sessions
INFO  [alembic.runtime.migration] Running upgrade 0004_identity_sessions -> 0005_dashboard_foundation, dashboard foundation
INFO  [alembic.runtime.migration] Running upgrade 0005_dashboard_foundation -> 0006_dashboard_assets, dashboard image assets
INFO  [alembic.runtime.migration] Context impl PostgresqlImpl.
INFO  [alembic.runtime.migration] Will assume transactional DDL.
INFO  [alembic.runtime.migration] Running downgrade 0006_dashboard_assets -> 0005_dashboard_foundation, dashboard image assets
INFO  [alembic.runtime.migration] Running downgrade 0005_dashboard_foundation -> 0004_identity_sessions, dashboard foundation
INFO  [alembic.runtime.migration] Running downgrade 0004_identity_sessions -> 0003_modeling_foundation, identity sessions
INFO  [alembic.runtime.migration] Running downgrade 0003_modeling_foundation -> 0002_ingestion_foundation, modeling foundation
INFO  [alembic.runtime.migration] Running downgrade 0002_ingestion_foundation -> 0001_baseline, ingestion foundation
INFO  [alembic.runtime.migration] Running downgrade 0001_baseline -> , baseline
INFO  [alembic.runtime.migration] Context impl PostgresqlImpl.
INFO  [alembic.runtime.migration] Will assume transactional DDL.
INFO  [alembic.runtime.migration] Running upgrade  -> 0001_baseline, baseline
INFO  [alembic.runtime.migration] Running upgrade 0001_baseline -> 0002_ingestion_foundation, ingestion foundation
INFO  [alembic.runtime.migration] Running upgrade 0002_ingestion_foundation -> 0003_modeling_foundation, modeling foundation
INFO  [alembic.runtime.migration] Running upgrade 0003_modeling_foundation -> 0004_identity_sessions, identity sessions
INFO  [alembic.runtime.migration] Running upgrade 0004_identity_sessions -> 0005_dashboard_foundation, dashboard foundation
INFO  [alembic.runtime.migration] Running upgrade 0005_dashboard_foundation -> 0006_dashboard_assets, dashboard image assets
